<?xml version="1.0" encoding="UTF-8"?>
<testng-results ignored="0" total="1" passed="1" failed="0" skipped="0">
  <reporter-output>
  </reporter-output>
  <suite started-at="2021-10-24T18:22:12 EDT" name="Suite" finished-at="2021-10-24T18:22:14 EDT" duration-ms="2171">
    <groups>
      <group name="cucumber">
        <method signature="AbstractTestNGCucumberTests.runScenario(io.cucumber.testng.PickleWrapper,io.cucumber.testng.FeatureWrapper)[pri:0, instance:com.runner.AdminListRunner@1b11171f]" name="runScenario" class="io.cucumber.testng.AbstractTestNGCucumberTests"/>
      </group> <!-- cucumber -->
    </groups>
    <test started-at="2021-10-24T18:22:12 EDT" name="Test" finished-at="2021-10-24T18:22:14 EDT" duration-ms="2171">
      <class name="com.runner.AdminListRunner">
        <test-method is-config="true" signature="setUpClass()[pri:0, instance:com.runner.AdminListRunner@1b11171f]" started-at="2021-10-24T18:22:12 EDT" name="setUpClass" finished-at="2021-10-24T18:22:12 EDT" duration-ms="243" status="PASS">
          <reporter-output>
          </reporter-output>
        </test-method> <!-- setUpClass -->
        <test-method signature="runScenario(io.cucumber.testng.PickleWrapper,io.cucumber.testng.FeatureWrapper)[pri:0, instance:com.runner.AdminListRunner@1b11171f]" started-at="2021-10-24T18:22:12 EDT" name="runScenario" description="Runs Cucumber Scenarios" data-provider="scenarios" finished-at="2021-10-24T18:22:12 EDT" duration-ms="96" status="PASS">
          <params>
            <param index="0">
              <value>
                <![CDATA["As an Orange HRM user, I can select admin under user role"]]>
              </value>
            </param>
            <param index="1">
              <value>
                <![CDATA["Optional[Verify that admin list is visible for Orange HRM]"]]>
              </value>
            </param>
          </params>
          <reporter-output>
          </reporter-output>
        </test-method> <!-- runScenario -->
        <test-method is-config="true" signature="writeExtentReport()[pri:0, instance:com.runner.AdminListRunner@1b11171f]" started-at="2021-10-24T18:22:12 EDT" name="writeExtentReport" finished-at="2021-10-24T18:22:13 EDT" duration-ms="314" status="PASS">
          <reporter-output>
          </reporter-output>
        </test-method> <!-- writeExtentReport -->
        <test-method is-config="true" signature="tearDownClass()[pri:0, instance:com.runner.AdminListRunner@1b11171f]" started-at="2021-10-24T18:22:13 EDT" name="tearDownClass" finished-at="2021-10-24T18:22:14 EDT" duration-ms="1498" status="PASS">
          <reporter-output>
          </reporter-output>
        </test-method> <!-- tearDownClass -->
      </class> <!-- com.runner.AdminListRunner -->
    </test> <!-- Test -->
  </suite> <!-- Suite -->
</testng-results>
